2018-10-22 11:39:58,780 [main] INFO  org.mule.module.launcher.application.DefaultMuleApplication - 
++++++++++++++++++++++++++++++++++++++++++++++++++++++++++++
+ Initializing app 'maven-project-btalreja'                +
++++++++++++++++++++++++++++++++++++++++++++++++++++++++++++
2018-10-22 11:39:59,093 [main] INFO  org.mule.lifecycle.AbstractLifecycleManager - Initialising RegistryBroker
2018-10-22 11:39:59,218 [main] INFO  org.mule.module.extension.internal.manager.DefaultExtensionManager - Starting discovery of extensions
2018-10-22 11:39:59,327 [main] INFO  org.mule.module.extension.internal.manager.DefaultExtensionManager - Discovered 1 extensions
2018-10-22 11:39:59,327 [main] INFO  org.mule.module.extension.internal.manager.DefaultExtensionManager - Registering extension validation (version 3.9)
2018-10-22 11:39:59,390 [main] INFO  org.mule.config.spring.MuleArtifactContext - Refreshing org.mule.config.spring.MuleArtifactContext@cbf1a: startup date [Mon Oct 22 11:39:59 EDT 2018]; root of context hierarchy
2018-10-22 11:40:00,526 [main] INFO  org.mule.config.spring.processors.NoDevkitInjectorProcessor - JSR-330 'javax.inject.Inject' annotation found and supported for autowiring
2018-10-22 11:40:01,274 [main] WARN  org.mule.module.ognl.expression.OgnlExpressionEvaluator - OGNL module is deprecated and will be removed in Mule 4.0. Use MEL expressions instead.
2018-10-22 11:40:01,727 [main] INFO  org.mule.util.journal.TransactionJournal - Using files for tx logs C:\MuleWorkspace\.mule\.\.mule\maven-project-btalreja\queue-tx-log\tx1.log and C:\MuleWorkspace\.mule\.\.mule\maven-project-btalreja\queue-tx-log\tx2.log
2018-10-22 11:40:01,742 [main] INFO  org.mule.util.journal.TransactionJournal - Using files for tx logs C:\MuleWorkspace\.mule\.\.mule\maven-project-btalreja\queue-xa-tx-log\tx1.log and C:\MuleWorkspace\.mule\.\.mule\maven-project-btalreja\queue-xa-tx-log\tx2.log
2018-10-22 11:40:01,852 [main] INFO  org.mule.lifecycle.AbstractLifecycleManager - Initialising model: _muleSystemModel
2018-10-22 11:40:01,852 [main] INFO  org.mule.construct.FlowConstructLifecycleManager - Initialising flow: mavenFlow
2018-10-22 11:40:01,852 [main] INFO  org.mule.exception.DefaultMessagingExceptionStrategy - Initialising exception listener: org.mule.exception.DefaultMessagingExceptionStrategy@13f4505
2018-10-22 11:40:01,883 [main] INFO  org.mule.processor.SedaStageLifecycleManager - Initialising service: mavenFlow.stage1
2018-10-22 11:40:02,133 [main] INFO  org.mule.config.spring.SpringXmlConfigurationBuilder - Configured Mule using "org.mule.config.spring.SpringXmlConfigurationBuilder" with configuration resource(s): "[ConfigResource{resourceName='C:\MuleWorkspace\.mule\apps\maven-project-btalreja\maven-project-btalreja.xml'}]"
2018-10-22 11:40:02,133 [main] INFO  org.mule.config.builders.AutoConfigurationBuilder - Configured Mule using "org.mule.config.builders.AutoConfigurationBuilder" with configuration resource(s): "[ConfigResource{resourceName='C:\MuleWorkspace\.mule\apps\maven-project-btalreja\maven-project-btalreja.xml'}]"
2018-10-22 11:40:02,133 [main] INFO  com.mulesoft.module.policies.lifecyle.GateKeeper - GateKeeper Mode: DISABLED
2018-10-22 11:40:02,133 [main] INFO  org.mule.module.launcher.application.DefaultMuleApplication - 
++++++++++++++++++++++++++++++++++++++++++++++++++++++++++++
+ Starting app 'maven-project-btalreja'                    +
++++++++++++++++++++++++++++++++++++++++++++++++++++++++++++
2018-10-22 11:40:02,133 [main] INFO  org.mule.util.queue.QueueXaResourceManager - Starting ResourceManager
2018-10-22 11:40:02,133 [main] INFO  org.mule.util.queue.QueueXaResourceManager - Started ResourceManager
2018-10-22 11:40:02,196 [main] INFO  org.mule.module.http.internal.listener.DefaultHttpListenerConfig - Listening for requests on http://0.0.0.0:8082
2018-10-22 11:40:02,196 [main] INFO  org.mule.modules.oauth2.provider.agents.DefaultSplashScreenAgent - 
++++++++++++++++++++++++++++++++++++++++++++++++++++++++++++++++++++++++++++++++
+ DevKit Extensions (0) used in this application 
                             +
++++++++++++++++++++++++++++++++++++++++++++++++++++++++++++++++++++++++++++++++
2018-10-22 11:40:02,196 [main] INFO  org.mule.lifecycle.AbstractLifecycleManager - Starting model: _muleSystemModel
2018-10-22 11:40:02,196 [main] INFO  org.mule.construct.FlowConstructLifecycleManager - Starting flow: mavenFlow
2018-10-22 11:40:02,196 [main] INFO  org.mule.processor.SedaStageLifecycleManager - Starting service: mavenFlow.stage1
2018-10-22 11:40:02,242 [main] INFO  org.mule.module.management.agent.WrapperManagerAgent - This JVM hasn't been launched by the wrapper, the agent will not run.
2018-10-22 11:40:02,258 [main] INFO  org.mule.DefaultMuleContext - 
**********************************************************************
* Application: maven-project-btalreja                                *
* OS encoding: \, Mule encoding: UTF-8                               *
*                                                                    *
* Agents Running:                                                    *
*   Batch module default engine                                      *
*   DevKit Extension Information                                     *
*   JMX Agent                                                        *
*   Wrapper Manager                                                  *
**********************************************************************
